2024-11-25 15:34:25 INFO  [main] Newtours:50 - Launching Edge browser...
2024-11-25 15:34:34 INFO  [main] Newtours:72 - Edge browser launched successfully and LoginPage object created.
2024-11-25 15:34:34 INFO  [main] Newtours:80 - Opening URL: https://demo.guru99.com/test/newtours/
2024-11-25 15:34:39 INFO  [main] Newtours:84 - URL opened and browser window maximized.
2024-11-25 15:34:39 INFO  [main] Newtours:119 - Entering username and password...
2024-11-25 15:34:39 INFO  [main] Newtours:122 - Username and password entered successfully.
2024-11-25 15:34:39 INFO  [main] Newtours:129 - Clicking on the Submit button...
2024-11-25 15:34:41 INFO  [main] Newtours:131 - Submit button clicked.
2024-11-25 15:34:41 INFO  [main] Newtours:92 - Validating the page title...
2024-11-25 15:34:41 INFO  [main] Newtours:100 - Page title verified successfully: Login: Mercury Tours
2024-11-25 15:34:41 INFO  [main] Newtours:138 - Clicking on the Signoff link...
2024-11-25 15:34:42 INFO  [main] Newtours:140 - Signoff link clicked.
2024-11-25 15:34:42 INFO  [main] Newtours:92 - Validating the page title...
2024-11-25 15:34:42 INFO  [main] Newtours:100 - Page title verified successfully: Welcome: Mercury Tours
2024-11-25 15:34:42 INFO  [main] Newtours:109 - Closing the browser...
2024-11-25 15:34:44 INFO  [main] Newtours:111 - Browser closed successfully.
2024-11-25 15:55:30 INFO  [main] Newtours:50 - Launching Edge browser...
2024-11-25 15:55:42 INFO  [main] Newtours:72 - Edge browser launched successfully and LoginPage object created.
2024-11-25 15:55:42 INFO  [main] Newtours:80 - Opening URL: https://demo.guru99.com/test/newtours/
2024-11-25 15:55:48 INFO  [main] Newtours:84 - URL opened and browser window maximized.
2024-11-25 15:55:48 INFO  [main] Newtours:119 - Entering username and password...
2024-11-25 15:55:48 INFO  [main] Newtours:122 - Username and password entered successfully.
2024-11-25 15:55:48 INFO  [main] Newtours:129 - Clicking on the Submit button...
2024-11-25 15:55:50 INFO  [main] Newtours:131 - Submit button clicked.
2024-11-25 15:55:50 INFO  [main] Newtours:92 - Validating the page title...
2024-11-25 15:55:50 INFO  [main] Newtours:100 - Page title verified successfully: Login: Mercury Tours
2024-11-25 15:55:50 INFO  [main] Newtours:138 - Clicking on the Signoff link...
2024-11-25 15:55:51 INFO  [main] Newtours:140 - Signoff link clicked.
2024-11-25 15:55:51 INFO  [main] Newtours:92 - Validating the page title...
2024-11-25 15:55:51 INFO  [main] Newtours:100 - Page title verified successfully: Welcome: Mercury Tours
2024-11-25 15:55:51 INFO  [main] Newtours:109 - Closing the browser...
2024-11-25 15:55:53 INFO  [main] Newtours:111 - Browser closed successfully.
2024-11-25 15:58:57 INFO  [main] Newtours:50 - Launching Edge browser...
2024-11-25 15:59:07 INFO  [main] Newtours:72 - Edge browser launched successfully and LoginPage object created.
2024-11-25 15:59:07 INFO  [main] Newtours:80 - Opening URL: https://demo.guru99.com/test/newtours/
2024-11-25 15:59:13 INFO  [main] Newtours:84 - URL opened and browser window maximized.
2024-11-25 15:59:13 INFO  [main] Newtours:119 - Entering username and password...
2024-11-25 15:59:13 INFO  [main] Newtours:122 - Username and password entered successfully.
2024-11-25 15:59:13 INFO  [main] Newtours:129 - Clicking on the Submit button...
2024-11-25 15:59:15 INFO  [main] Newtours:131 - Submit button clicked.
2024-11-25 15:59:15 INFO  [main] Newtours:92 - Validating the page title...
2024-11-25 15:59:15 INFO  [main] Newtours:100 - Page title verified successfully: Login: Mercury Tours
2024-11-25 15:59:15 INFO  [main] Newtours:138 - Clicking on the Signoff link...
2024-11-25 15:59:16 INFO  [main] Newtours:140 - Signoff link clicked.
2024-11-25 15:59:16 INFO  [main] Newtours:92 - Validating the page title...
2024-11-25 15:59:16 INFO  [main] Newtours:100 - Page title verified successfully: Welcome: Mercury Tours
2024-11-25 15:59:16 INFO  [main] Newtours:109 - Closing the browser...
2024-11-25 15:59:17 INFO  [main] Newtours:111 - Browser closed successfully.
2024-11-25 19:03:19 INFO  [main] Newtours:56 - Launching Edge browser...
2024-11-25 19:03:30 INFO  [main] Newtours:78 - Edge browser launched successfully and LoginPage object created.
2024-11-25 19:03:30 INFO  [main] Newtours:86 - Opening URL: https://demo.guru99.com/test/newtours/
2024-11-25 19:03:34 INFO  [main] Newtours:90 - URL opened and browser window maximized.
2024-11-25 19:03:34 INFO  [main] Newtours:56 - Launching Edge browser...
2024-11-25 19:03:45 INFO  [main] Newtours:78 - Edge browser launched successfully and LoginPage object created.
2024-11-25 19:03:45 INFO  [main] Newtours:86 - Opening URL: https://demo.guru99.com/test/newtours/
2024-11-25 19:03:50 INFO  [main] Newtours:90 - URL opened and browser window maximized.
2024-11-25 19:04:24 INFO  [main] Newtours:56 - Launching Edge browser...
2024-11-25 19:04:33 INFO  [main] Newtours:78 - Edge browser launched successfully and LoginPage object created.
2024-11-25 19:04:33 INFO  [main] Newtours:86 - Opening URL: https://demo.guru99.com/test/newtours/
2024-11-25 19:04:38 INFO  [main] Newtours:90 - URL opened and browser window maximized.
2024-11-25 19:04:41 INFO  [main] Newtours:135 - Clicking on the Submit button...
2024-11-25 19:04:43 INFO  [main] Newtours:137 - Submit button clicked.
2024-11-25 19:04:43 INFO  [main] Newtours:98 - Validating the page title...
2024-11-25 19:04:43 INFO  [main] Newtours:106 - Page title verified successfully: Login: Mercury Tours
2024-11-25 19:04:43 INFO  [main] Newtours:144 - Clicking on the Signoff link...
2024-11-25 19:04:44 INFO  [main] Newtours:146 - Signoff link clicked.
2024-11-25 19:04:44 INFO  [main] Newtours:98 - Validating the page title...
2024-11-25 19:04:44 INFO  [main] Newtours:106 - Page title verified successfully: Welcome: Mercury Tours
2024-11-25 19:04:44 INFO  [main] Newtours:115 - Closing the browser...
2024-11-25 19:04:47 INFO  [main] Newtours:117 - Browser closed successfully.
2024-11-25 19:04:47 INFO  [main] Newtours:56 - Launching Edge browser...
2024-11-25 19:04:57 INFO  [main] Newtours:78 - Edge browser launched successfully and LoginPage object created.
2024-11-25 19:04:57 INFO  [main] Newtours:86 - Opening URL: https://demo.guru99.com/test/newtours/
2024-11-25 19:05:04 INFO  [main] Newtours:90 - URL opened and browser window maximized.
2024-11-25 19:05:04 INFO  [main] Newtours:135 - Clicking on the Submit button...
2024-11-25 19:05:06 INFO  [main] Newtours:137 - Submit button clicked.
2024-11-25 19:05:06 INFO  [main] Newtours:98 - Validating the page title...
2024-11-25 19:06:36 INFO  [main] Newtours:56 - Launching Edge browser...
2024-11-25 19:06:45 INFO  [main] Newtours:78 - Edge browser launched successfully and LoginPage object created.
2024-11-25 19:06:45 INFO  [main] Newtours:86 - Opening URL: https://demo.guru99.com/test/newtours/
2024-11-25 19:06:51 INFO  [main] Newtours:90 - URL opened and browser window maximized.
2024-11-25 19:06:54 INFO  [main] Newtours:135 - Clicking on the Submit button...
2024-11-25 19:06:56 INFO  [main] Newtours:137 - Submit button clicked.
2024-11-25 19:06:56 INFO  [main] Newtours:98 - Validating the page title...
2024-11-25 19:06:56 INFO  [main] Newtours:106 - Page title verified successfully: Login: Mercury Tours
2024-11-25 19:06:56 INFO  [main] Newtours:144 - Clicking on the Signoff link...
2024-11-25 19:06:57 INFO  [main] Newtours:146 - Signoff link clicked.
2024-11-25 19:06:57 INFO  [main] Newtours:98 - Validating the page title...
2024-11-25 19:06:57 INFO  [main] Newtours:106 - Page title verified successfully: Welcome: Mercury Tours
2024-11-25 19:06:57 INFO  [main] Newtours:115 - Closing the browser...
2024-11-25 19:06:59 INFO  [main] Newtours:117 - Browser closed successfully.
2024-11-25 19:06:59 INFO  [main] Newtours:56 - Launching Edge browser...
2024-11-25 19:07:06 INFO  [main] Newtours:78 - Edge browser launched successfully and LoginPage object created.
2024-11-25 19:07:06 INFO  [main] Newtours:86 - Opening URL: https://demo.guru99.com/test/newtours/
2024-11-25 19:07:42 INFO  [main] Newtours:90 - URL opened and browser window maximized.
2024-11-25 19:07:42 INFO  [main] Newtours:135 - Clicking on the Submit button...
2024-11-25 19:07:44 INFO  [main] Newtours:137 - Submit button clicked.
2024-11-25 19:07:44 INFO  [main] Newtours:98 - Validating the page title...
2024-11-25 19:07:44 INFO  [main] Newtours:106 - Page title verified successfully: Login: Mercury Tours
2024-11-25 19:07:44 INFO  [main] Newtours:144 - Clicking on the Signoff link...
2024-11-25 19:07:45 INFO  [main] Newtours:146 - Signoff link clicked.
2024-11-25 19:07:45 INFO  [main] Newtours:98 - Validating the page title...
2024-11-25 19:07:45 INFO  [main] Newtours:106 - Page title verified successfully: Welcome: Mercury Tours
2024-11-25 19:07:45 INFO  [main] Newtours:115 - Closing the browser...
2024-11-25 19:07:46 INFO  [main] Newtours:117 - Browser closed successfully.
